<!DOCTYPE html>
<html lang="en">
<head><meta name="generator" content="Hexo 3.8.0">
    <meta charset="utf-8">
<title>The JIT benchmarking results and findings in PostgreSQL 11 - HighGo</title>
<meta name="viewport" content="width=device-width, initial-scale=1, maximum-scale=1">
<meta name="google-site-verification" content="C64Cbo3oxqLUielja1x7PRGZWyRX1EQfmMfccxOOoJw">



    <meta name="description" content="Just-in-time compilation of SQL statements is one of the new features in PostgreSQL 11. Just-in-Time compilation (JIT) is the process of turning some form of interpreted program evaluation into a nati">
<meta name="keywords" content="JIT Postgresql">
<meta property="og:type" content="article">
<meta property="og:title" content="The JIT benchmarking results and findings in PostgreSQL 11">
<meta property="og:url" content="https://highgosoftware.github.io/2019/05/26/JIT/index.html">
<meta property="og:site_name" content="HighGo">
<meta property="og:description" content="Just-in-time compilation of SQL statements is one of the new features in PostgreSQL 11. Just-in-Time compilation (JIT) is the process of turning some form of interpreted program evaluation into a nati">
<meta property="og:locale" content="en">
<meta property="og:image" content="https://highgosoftware.github.io/gallery/jit.png">
<meta property="og:updated_time" content="2019-06-04T21:16:05.045Z">
<meta name="twitter:card" content="summary">
<meta name="twitter:title" content="The JIT benchmarking results and findings in PostgreSQL 11">
<meta name="twitter:description" content="Just-in-time compilation of SQL statements is one of the new features in PostgreSQL 11. Just-in-Time compilation (JIT) is the process of turning some form of interpreted program evaluation into a nati">
<meta name="twitter:image" content="https://highgosoftware.github.io/gallery/jit.png">
<meta name="twitter:site" content="https://twitter.com/HighgoSoftware">





<link rel="alternative" href="/feed.xml" title="The JIT benchmarking results and findings in PostgreSQL 11" type="application/atom+xml">



<link rel="icon" href="/images/favicon.svg">


<link rel="stylesheet" href="https://cdn.jsdelivr.net/npm/bulma@0.7.2/css/bulma.css">
<link rel="stylesheet" href="https://use.fontawesome.com/releases/v5.4.1/css/all.css">
<link rel="stylesheet" href="https://fonts.googleapis.com/css?family=Ubuntu:400,600|Source+Code+Pro">
<link rel="stylesheet" href="https://cdn.jsdelivr.net/npm/highlight.js@9.12.0/styles/atom-one-light.css">


    
    
    
    <style>body>.footer,body>.navbar,body>.section{opacity:0}</style>
    

    
    
    
    <link rel="stylesheet" href="https://cdn.jsdelivr.net/npm/lightgallery@1.6.8/dist/css/lightgallery.min.css">
    <link rel="stylesheet" href="https://cdn.jsdelivr.net/npm/justifiedGallery@3.7.0/dist/css/justifiedGallery.min.css">
    

    
    

<link rel="stylesheet" href="https://cdn.jsdelivr.net/npm/outdatedbrowser@1.1.5/outdatedbrowser/outdatedbrowser.min.css">


    
    
    
    

<link rel="stylesheet" href="/css/back-to-top.css">


    
    

    
    
    
    

    
    
<link rel="stylesheet" href="/css/progressbar.css">
<script src="https://cdn.jsdelivr.net/npm/pace-js@1.0.2/pace.min.js"></script>

    
    
    

    
    
    


<link rel="stylesheet" href="/css/style.css">
</head>
<body class="is-3-column">
    <nav class="navbar navbar-main">
    <div class="container">
        <div class="navbar-brand is-flex-center">
            <a class="navbar-item navbar-logo" href="/">
            
                <img src="/images/highgo.png" alt="The JIT benchmarking results and findings in PostgreSQL 11" height="28">
            
            </a>
        </div>
        <div class="navbar-menu">
            
            <div class="navbar-start">
                
                <a class="navbar-item" href="/">Home</a>
                
                <a class="navbar-item" href="/archives">Archives</a>
                
                <a class="navbar-item" href="/categories">Categories</a>
                
                <a class="navbar-item" href="/tags">Tags</a>
                
                <a class="navbar-item" href="/about">About</a>
                
            </div>
            
            <div class="navbar-end">
                
                    
                    
                    <a class="navbar-item" target="_blank" title="Download on GitHub" href="https://github.com/HighgoSoftware/HighgoSoftware.github.io">
                        
                        <i class="fab fa-github"></i>
                        
                    </a>
                    
                
                
                
                <a class="navbar-item search" title="Search" href="javascript:;">
                    <i class="fas fa-search"></i>
                </a>
                
            </div>
        </div>
    </div>
</nav>
    
    <section class="section">
        <div class="container">
            <div class="columns">
                <div class="column is-8-tablet is-8-desktop is-6-widescreen has-order-2 column-main"><div class="card">
    
    <div class="card-image">
        <span class="image is-7by1">
            <img class="thumbnail" src="/gallery/jit.png" alt="The JIT benchmarking results and findings in PostgreSQL 11">
        </span>
    </div>
    
    <div class="card-content article ">
        
        <div class="level article-meta is-size-7 is-uppercase is-mobile is-overflow-x-auto">
            <div class="level-left">
                <time class="level-item has-text-grey" datetime="2019-05-26T17:01:44.000Z">2019-05-26</time>
                
                <div class="level-item">
                <a class="has-link-grey -link" href="/categories/JIT/">JIT</a>
                </div>
                
                
                <span class="level-item has-text-grey">
                    
                    
                    17 minutes read (About 2563 words)
                </span>
                
                
            </div>
        </div>
        
        <h1 class="title is-size-3 is-size-4-mobile has-text-weight-normal">
            
                The JIT benchmarking results and findings in PostgreSQL 11
                <!--add jac add page.author-->
                <div class="level article-meta is-size-7 is-uppercase is-mobile is-overflow-x-auto">
                    <span class="level-item has-text-grey">
                        Shawn Wang
                    </span>
                </div>
            
        </h1>
        <div class="content">
            <p>Just-in-time compilation of SQL statements is one of the new features in PostgreSQL 11. Just-in-Time compilation (JIT) is the process of turning some form of interpreted program evaluation into a native program and doing so at runtime. While doing some testing and benchmarking with JIT it appears that PostgreSQL 11 is about 29.31% faster at executing the TPC-H Q1 query than PostgreSQL 10. You could get details from <a href="https://www.citusdata.com/blog/2018/09/11/postgresql-11-just-in-time/" target="_blank" rel="noopener">https://www.citusdata.com/blog/2018/09/11/postgresql-11-just-in-time/</a>.</p>
<a id="more"></a>
<p>The JIT technique is implemented using LLVM.</p>
<h4 id="What-is-the-LLVM"><a href="#What-is-the-LLVM" class="headerlink" title="What is the LLVM?"></a>What is the LLVM?</h4><blockquote>
<p>The LLVM Project is a collection of modular and reusable compiler and toolchain technologies. Despite its name, LLVM has little to do with traditional virtual machines. The name “LLVM” itself is not an acronym; it is the full name of the project.</p>
</blockquote>
<h4 id="Is-the-JIT-necessary"><a href="#Is-the-JIT-necessary" class="headerlink" title="Is the JIT necessary?"></a>Is the JIT necessary?</h4><p>In today’s enterprise, the data has been growing at an unprecedented rate, with a sharp rise in data, the requirement for performing business intelligence and analytical queries is also increasing. Most enterprises are also relying upon to store there very large historical data in NoSQL or distributed storage like Hadoop for performing complex analytical queries. Having said that the OLAP capabilities of the database are also getting there run for the money, the OLAP workloads are increasing and hence the need to enhance database OLAP functionality to handle the growing OLAP workloads. OLAP functionality is primarily affected by data throughput and CPU computing power. Now with the rise of SSD, Column Storage, and Distributed Databases, I/O is not the main bottleneck of the database. Modern databases add a lot of logical and virtual function calls in response to various scenarios. This reduces the efficiency of OLAP capabilities for the database. In the PostgreSQL 11, they added the Just-in-Time compilation, which could reduce the redundant logical operations and virtual function calls.</p>
<h4 id="JIT-Accelerated-Operations-in-PostgreSQL-11"><a href="#JIT-Accelerated-Operations-in-PostgreSQL-11" class="headerlink" title="JIT Accelerated Operations in PostgreSQL 11"></a>JIT Accelerated Operations in PostgreSQL 11</h4><blockquote>
<p>Currently PostgreSQL’s JIT implementation has support for accelerating expression evaluation and tuple deforming. Several other operations could be accelerated in the future.</p>
</blockquote>
<blockquote>
<p>Expression evaluation is used to evaluate WHERE clauses, target lists, aggregates and projections. It can be accelerated by generating code specific to each case.</p>
</blockquote>
<blockquote>
<p>Tuple deforming is the process of transforming an on-disk tuple (see Section 68.6.1) into its in-memory representation. It can be accelerated by creating a function specific to the table layout and the number of columns to be extracted.</p>
</blockquote>
<p>The first time I came into contact with this technology was using the Vitesse database. In recent years, some new database products with this technology have been discovered.</p>
<p>Vitesse DB:</p>
<ul>
<li>Proprietary database based on PostgreSQL 9.5.x</li>
<li>JIT compiling expressions as well as execution plan</li>
<li>Speedup up to 8x on TPC-H Q1</li>
</ul>
<p>Butterstein D., Grust T., Precision Performance Surgery for PostgreSQL –<br>LLVM-based Expression Compilation, Just in Time. VLDB 2016.</p>
<ul>
<li>JIT compiling expressions for Filter and Aggregation</li>
<li>Speedup up to 37% on TPC-H</li>
</ul>
<p>New expression interpreter (by Andres Freund, PostgreSQL 11):</p>
<ul>
<li>Changes tree walker based interpreter to more effective one</li>
<li>Also adds LLVM JIT for expressions</li>
<li>Speedup up to 30% on TPC-H</li>
</ul>
<p>I find that the JIT is disabled by default in PostgreSQL 11. The purpose of this blog is to perform testing and benchmarking of JIT and in particular compare PostgreSQL 11 with JIT with PostgreSQL 10. The testing should demonstrate the performance benefits of JIT with PG 11, it will also identify areas of improvements and suggestions on how to make the improvements.</p>
<h4 id="My-Hardware-Configuration："><a href="#My-Hardware-Configuration：" class="headerlink" title="My Hardware Configuration："></a>My Hardware Configuration：</h4><ul>
<li>CPU : i5 8400</li>
<li>Memory : 16G DDR4</li>
<li>Disk : Inter SSD 1T</li>
<li>OS : CentOS Linux release 7.6.1810 (Core)</li>
</ul>
<h4 id="Install-the-PostgreSQL-11-from-the-source-with-llvm"><a href="#Install-the-PostgreSQL-11-from-the-source-with-llvm" class="headerlink" title="Install the PostgreSQL 11 from the source with llvm"></a>Install the PostgreSQL 11 from the source with llvm</h4><p>PostgreSQL has built-in support to perform JIT compilation using LLVM when PostgreSQL is built with –with-llvm. In the first, you need to install llvm5.0. Then you can install the PostgreSQL 11 and PostgreSQL 10.</p>
<figure class="highlight plain hljs"><table><tr><td class="gutter"><pre><span class="line">1</span><br><span class="line">2</span><br><span class="line">3</span><br><span class="line">4</span><br><span class="line">5</span><br><span class="line">6</span><br><span class="line">7</span><br><span class="line">8</span><br><span class="line">9</span><br></pre></td><td class="code"><pre><span class="line">./configure --prefix=/home/postgres/pg11JIT --with-openssl --with-libxml --with-libxslt --with-llvm</span><br><span class="line">make -j6; make install</span><br><span class="line">cd contrib</span><br><span class="line">make -j6; make install</span><br><span class="line"></span><br><span class="line">./configure --prefix=/home/postgres/pgdb10 --with-openssl --with-libxml --with-libxslt</span><br><span class="line">make -j6; make install</span><br><span class="line">cd contrib</span><br><span class="line">make -j6; make install</span><br></pre></td></tr></table></figure>
<h4 id="The-configuration-variable-about-JIT"><a href="#The-configuration-variable-about-JIT" class="headerlink" title="The configuration variable about JIT"></a>The configuration variable about JIT</h4><blockquote>
<p>The configuration variable jit determines whether JIT compilation is enabled or disabled. If it is enabled, the configuration variables jit_above_cost, jit_inline_above_cost, and jit_optimize_above_cost determine whether JITcompilation is performed for a query, and how much effort is spent in doing so.</p>
</blockquote>
<blockquote>
<p>jit_provider determines which JIT implementation is used. It is rarely required to be changed.</p>
</blockquote>
<h4 id="Enabling-The-JIT-in-PostgreSQL-11"><a href="#Enabling-The-JIT-in-PostgreSQL-11" class="headerlink" title="Enabling The JIT in PostgreSQL 11"></a>Enabling The JIT in PostgreSQL 11</h4><p>If you install the PostgreSQL 11 successfully, you will find a new folder named bit_code. There is a lot of file with the .bc extension. These are pre-generated bytecodes for LLVM for facilitating features like in-lining.</p>
<p>I have changed some configuration variable in PostgreSQL10 and PostgreSQL11, the configuration parameters settings between the two servers in order to get an apples ot apples comparison.<br><figure class="highlight plain hljs"><table><tr><td class="gutter"><pre><span class="line">1</span><br><span class="line">2</span><br><span class="line">3</span><br><span class="line">4</span><br><span class="line">5</span><br><span class="line">6</span><br><span class="line">7</span><br><span class="line">8</span><br><span class="line">9</span><br></pre></td><td class="code"><pre><span class="line">hared_buffers = 4GB</span><br><span class="line">temp_buffers = 64MB</span><br><span class="line">work_mem = 32MB</span><br><span class="line">maintenance_work_mem = 1GB</span><br><span class="line">wal_level = minimal</span><br><span class="line">max_wal_senders = 0</span><br><span class="line">max_wal_size = 40GB</span><br><span class="line">random_page_cost = 1.1</span><br><span class="line">jit = on</span><br></pre></td></tr></table></figure></p>
<p>Let’s try the JIT(For a simple demonstration, I will take these parameters as 0;):<br><figure class="highlight plain hljs"><table><tr><td class="gutter"><pre><span class="line">1</span><br><span class="line">2</span><br><span class="line">3</span><br><span class="line">4</span><br><span class="line">5</span><br><span class="line">6</span><br><span class="line">7</span><br><span class="line">8</span><br><span class="line">9</span><br><span class="line">10</span><br><span class="line">11</span><br><span class="line">12</span><br><span class="line">13</span><br><span class="line">14</span><br><span class="line">15</span><br><span class="line">16</span><br><span class="line">17</span><br><span class="line">18</span><br><span class="line">19</span><br><span class="line">20</span><br><span class="line">21</span><br><span class="line">22</span><br><span class="line">23</span><br><span class="line">24</span><br><span class="line">25</span><br><span class="line">26</span><br><span class="line">27</span><br><span class="line">28</span><br><span class="line">29</span><br><span class="line">30</span><br><span class="line">31</span><br><span class="line">32</span><br></pre></td><td class="code"><pre><span class="line">[postgres@neoc bin]$ ./psql</span><br><span class="line">psql (11.2)</span><br><span class="line">Type &quot;help&quot; for help.</span><br><span class="line"></span><br><span class="line">postgres=# set jit=on;</span><br><span class="line">SET</span><br><span class="line">postgres=# set jit_above_cost=0;</span><br><span class="line">SET</span><br><span class="line">postgres=# set jit_inline_above_cost=0;</span><br><span class="line">SET</span><br><span class="line">postgres=# set jit_optimize_above_cost=0;</span><br><span class="line">SET</span><br><span class="line">postgres=# explain (analyze,verbose,costs,buffers,summary) select count(*) from pg_class;</span><br><span class="line">                                                                       QUERY PLAN</span><br><span class="line"></span><br><span class="line">-------------------------------------------------------------------------------------------------------------------------------------------------</span><br><span class="line">-------</span><br><span class="line"> Aggregate  (cost=14.73..14.74 rows=1 width=8) (actual time=180.390..180.391 rows=1 loops=1)</span><br><span class="line">   Output: count(*)</span><br><span class="line">   Buffers: shared hit=22 read=1 dirtied=1</span><br><span class="line">   -&gt;  Index Only Scan using pg_class_oid_index on pg_catalog.pg_class  (cost=0.27..13.76 rows=386 width=0) (actual time=0.393..0.618 rows=386 lo</span><br><span class="line">ops=1)</span><br><span class="line">         Output: oid</span><br><span class="line">         Heap Fetches: 183</span><br><span class="line">         Buffers: shared hit=22 read=1 dirtied=1</span><br><span class="line"> Planning Time: 2.060 ms</span><br><span class="line"> JIT:</span><br><span class="line">   Functions: 2</span><br><span class="line">   Options: Inlining true, Optimization true, Expressions true, Deforming true</span><br><span class="line">   Timing: Generation 1.852 ms, Inlining 67.384 ms, Optimization 55.645 ms, Emission 56.331 ms, Total 181.213 ms</span><br><span class="line"> Execution Time: 330.002 ms</span><br><span class="line">(13 rows)</span><br></pre></td></tr></table></figure></p>
<p>I used the tool pg_tpch to get the benchmarking results. For detailed usage, please refer to the URL: <a href="https://github.com/wangguoke/blog/blob/master/How%20to%20use%20the%20pg_tpch.md" target="_blank" rel="noopener">https://github.com/wangguoke/blog/blob/master/How%20to%20use%20the%20pg_tpch.md</a>.</p>
<p>We could get the results like this(unit is second, JIT disabled in PG11 and JIT enabled in PG11):<br><img src="/2019/05/26/JIT/PG112_atz0727xa.png" title="PG112"><br>The total is the sum of all 22 SQL execution times.<br>To be more intuitive, we can look at the histogram:<br><img src="/2019/05/26/JIT/pg11h.png" title="pg11h">  </p>
<p>We will find that the execution time is reduced by turning on the JIT, about 6.1% down.</p>
<p>With the JIT turned on, performance has dropped. It may be that my test case and hardware do not meet the test requirements.<br>So I checked the explain. I found an interesting thing that the JIT disabled used less time than JIT enabled in the Nested Loop.<br>JIT enabled in PG11:<br><figure class="highlight plain hljs"><table><tr><td class="gutter"><pre><span class="line">1</span><br><span class="line">2</span><br><span class="line">3</span><br><span class="line">4</span><br><span class="line">5</span><br><span class="line">6</span><br><span class="line">7</span><br><span class="line">8</span><br><span class="line">9</span><br><span class="line">10</span><br><span class="line">11</span><br><span class="line">12</span><br><span class="line">13</span><br><span class="line">14</span><br><span class="line">15</span><br><span class="line">16</span><br><span class="line">17</span><br><span class="line">18</span><br><span class="line">19</span><br><span class="line">20</span><br><span class="line">21</span><br><span class="line">22</span><br><span class="line">23</span><br><span class="line">24</span><br><span class="line">25</span><br><span class="line">26</span><br><span class="line">27</span><br></pre></td><td class="code"><pre><span class="line">----------------------------------------------------------------------------------------------------------------------------------------------------------------------------------------------------------------------------------------------------------------------------------------------------------------------------------------------------------------------------------------------------------------------------</span><br><span class="line"> Limit (actual time=72490.850..72624.050 rows=1 loops=1)</span><br><span class="line">   -&gt;  Finalize GroupAggregate (actual time=71891.664..71891.664 rows=1 loops=1)</span><br><span class="line">         -&gt;  Gather Merge (actual time=71891.649..72024.844 rows=4 loops=1)</span><br><span class="line">               -&gt;  Sort (actual time=71799.894..71799.896 rows=53 loops=3)</span><br><span class="line">                     -&gt;  Partial HashAggregate (actual time=71799.269..71799.684 rows=175 loops=3)</span><br><span class="line">                           -&gt;  Hash Join (actual time=69631.747..71189.348 rows=1087902 loops=3)</span><br><span class="line">                                 -&gt;  Parallel Hash Join  (actual time=69310.166..70696.067 rows=1087902 loops=3)</span><br><span class="line">                                       -&gt;  Parallel Seq Scan on public.orders (actual time=0.504..9327.128 rows=5000000 loops=3)</span><br><span class="line">                                       -&gt;  Parallel Hash (actual time=57497.965..57497.965 rows=1087902 loops=3)</span><br><span class="line">                                             -&gt;  Nested Loop (actual time=45.005..56802.904 rows=1087902 loops=3)</span><br><span class="line">                                                   -&gt;  Parallel Hash Join  (actual time=44.034..5326.659 rows=145140 loops=3)</span><br><span class="line">                                                         -&gt;  Nested Loop (actual time=0.471..5146.321 rows=145140 loops=3)</span><br><span class="line">                                                               -&gt;  Parallel Seq Scan on public.part (actual time=0.030..353.243 rows=36285 loops=3)</span><br><span class="line">                                                               -&gt;  Index Scan using idx_partsupp_partkey on public.partsupp (actual time=0.122..0.130 rows=4 loops=108855)</span><br><span class="line">                                                         -&gt;  Parallel Hash (actual time=43.378..43.378 rows=33333 loops=3)</span><br><span class="line">                                                               -&gt;  Parallel Seq Scan on public.supplier (actual time=0.016..96.976 rows=100000 loops=1)</span><br><span class="line">                                                   -&gt;  Index Scan using idx_lineitem_part_supp on public.lineitem (actual time=0.086..0.351 rows=7 loops=435420)</span><br><span class="line">                                 -&gt;  Hash (actual time=321.382..321.382 rows=25 loops=3)</span><br><span class="line">                                       -&gt;  Seq Scan on public.nation (actual time=321.368..321.371 rows=25 loops=3)</span><br><span class="line"> Planning Time: 30.108 ms</span><br><span class="line"> JIT:</span><br><span class="line">   Functions: 182</span><br><span class="line">   Options: Inlining true, Optimization true, Expressions true, Deforming true</span><br><span class="line">   Timing: Generation 59.807 ms, Inlining 154.474 ms, Optimization 866.697 ms, Emission 539.179 ms, Total 1620.158 ms</span><br><span class="line"> Execution Time: 72662.415 ms</span><br><span class="line">(142 rows)</span><br></pre></td></tr></table></figure></p>
<p>JIT disabled In PG11:</p>
<figure class="highlight plain hljs"><table><tr><td class="gutter"><pre><span class="line">1</span><br><span class="line">2</span><br><span class="line">3</span><br><span class="line">4</span><br><span class="line">5</span><br><span class="line">6</span><br><span class="line">7</span><br><span class="line">8</span><br><span class="line">9</span><br><span class="line">10</span><br><span class="line">11</span><br><span class="line">12</span><br><span class="line">13</span><br><span class="line">14</span><br><span class="line">15</span><br><span class="line">16</span><br><span class="line">17</span><br><span class="line">18</span><br><span class="line">19</span><br><span class="line">20</span><br><span class="line">21</span><br><span class="line">22</span><br><span class="line">23</span><br></pre></td><td class="code"><pre><span class="line">----------------------------------------------------------------------------------------------------------------------------------------------------------------------------------------------------------------------------------------------------------------------------------------------------------------------------------------------------------------------------------------------------------------------------</span><br><span class="line"> Limit (actual time=53927.711..54069.684 rows=1 loops=1)</span><br><span class="line">   -&gt;  Finalize GroupAggregate (actual time=53927.710..53927.710 rows=1 loops=1)</span><br><span class="line">         -&gt;  Gather Merge (actual time=53927.698..54069.665 rows=4 loops=1)</span><br><span class="line">               -&gt;  Sort (actual time=53885.863..53885.865 rows=54 loops=3)</span><br><span class="line">                     -&gt;  Partial HashAggregate (actual time=53884.461..53884.900 rows=175 loops=3)</span><br><span class="line">                           -&gt;  Hash Join (actual time=51626.569..53258.211 rows=1087902 loops=3)</span><br><span class="line">                                 -&gt;  Parallel Hash Join (actual time=51624.992..53052.825 rows=1087902 loops=3)</span><br><span class="line">                                       -&gt;  Parallel Seq Scan on public.orders (actual time=0.195..9286.259 rows=5000000 loops=3)</span><br><span class="line">                                       -&gt;  Parallel Hash (actual time=40238.570..40238.570 rows=1087902 loops=3)</span><br><span class="line">                                             -&gt;  Nested Loop (actual time=68.942..39704.018 rows=1087902 loops=3)</span><br><span class="line">                                                   -&gt;  Parallel Hash Join (actual time=68.193..5794.431 rows=145140 loops=3)</span><br><span class="line">                                                         -&gt;  Nested Loop (actual time=1.703..5596.634 rows=145140 loops=3)</span><br><span class="line">                                                               -&gt;  Parallel Seq Scan on public.part (actual time=0.209..289.795 rows=36285 loops=3)</span><br><span class="line">                                                               -&gt;  Index Scan using idx_partsupp_partkey on public.partsupp (actual time=0.136..0.144 rows=4 loops=108855)</span><br><span class="line">                                                         -&gt;  Parallel Hash (actual time=66.231..66.231 rows=33333 loops=3)</span><br><span class="line">                                                               -&gt;  Parallel Seq Scan on public.supplier (actual time=0.022..57.748 rows=33333 loops=3)</span><br><span class="line">                                                   -&gt;  Index Scan using idx_lineitem_part_supp on public.lineitem (actual time=0.069..0.231 rows=7 loops=435420)</span><br><span class="line">                                 -&gt;  Hash (actual time=0.038..0.038 rows=25 loops=3)</span><br><span class="line">                                       -&gt;  Seq Scan on public.nation (actual time=0.020..0.023 rows=25 loops=3)</span><br><span class="line"> Planning Time: 16.777 ms</span><br><span class="line"> Execution Time: 54071.434 ms</span><br><span class="line">(144 rows)</span><br></pre></td></tr></table></figure>
<p>So I tried to turn the enable_nestloop off. I got the results:<br>JIT enabled in PG11:<br><figure class="highlight plain hljs"><table><tr><td class="gutter"><pre><span class="line">1</span><br><span class="line">2</span><br><span class="line">3</span><br><span class="line">4</span><br><span class="line">5</span><br><span class="line">6</span><br><span class="line">7</span><br><span class="line">8</span><br><span class="line">9</span><br><span class="line">10</span><br><span class="line">11</span><br><span class="line">12</span><br><span class="line">13</span><br><span class="line">14</span><br><span class="line">15</span><br><span class="line">16</span><br><span class="line">17</span><br><span class="line">18</span><br><span class="line">19</span><br><span class="line">20</span><br><span class="line">21</span><br><span class="line">22</span><br><span class="line">23</span><br><span class="line">24</span><br><span class="line">25</span><br><span class="line">26</span><br><span class="line">27</span><br><span class="line">28</span><br><span class="line">29</span><br></pre></td><td class="code"><pre><span class="line">----------------------------------------------------------------------------------------------------------------------------------------------------------------------------------------------------------------------------------------------------------------------------------------------------------------------------------------------------------------------------------------------------------------------------------------------</span><br><span class="line"> Limit  (cost=2417565.92..2417566.19 rows=1 width=66) (actual time=26286.402..28662.321 rows=1 loops=1)</span><br><span class="line">   -&gt;  Finalize GroupAggregate  (cost=2417565.92..2433857.53 rows=60150 width=66) (actual time=25747.698..25747.698 rows=1 loops=1)</span><br><span class="line">         -&gt;  Gather Merge  (cost=2417565.92..2431601.90 rows=120300 width=66) (actual time=25747.682..28123.594 rows=4 loops=1)</span><br><span class="line">               -&gt;  Sort  (cost=2416565.90..2416716.27 rows=60150 width=66) (actual time=25728.040..25728.045 rows=117 loops=3)</span><br><span class="line">                     -&gt;  Partial HashAggregate  (cost=2410738.48..2411791.11 rows=60150 width=66) (actual time=25727.454..25727.844 rows=175 loops=3)</span><br><span class="line">                           -&gt;  Hash Join  (cost=1936728.06..2388650.49 rows=1262171 width=57) (actual time=8919.348..25117.729 rows=1087902 loops=3)</span><br><span class="line">                                 -&gt;  Parallel Hash Join  (cost=1936726.50..2378463.21 rows=1262171 width=35) (actual time=8555.334..24580.928 rows=1087902 loops=3)</span><br><span class="line">                                       -&gt;  Parallel Seq Scan on public.orders  (cost=0.00..338723.33 rows=6250133 width=8) (actual time=0.034..567.581 rows=5000000 loops=3)</span><br><span class="line">                                       -&gt;  Parallel Hash  (cost=1911088.36..1911088.36 rows=1262171 width=39) (actual time=7466.736..7466.736 rows=1087902 loops=3)</span><br><span class="line">                                             -&gt;  Parallel Hash Join  (cost=1616063.36..1911088.36 rows=1262171 width=39) (actual time=6438.537..7258.071 rows=1087902 loops=3)</span><br><span class="line">                                                   -&gt;  Parallel Hash Join  (cost=1612441.83..1904153.48 rows=1262171 width=47) (actual time=6431.432..7101.985 rows=1087902 loops=3)</span><br><span class="line">                                                         -&gt;  Parallel Seq Scan on public.partsupp  (cost=0.00..216566.52 rows=3332652 width=22) (actual time=0.085..337.680 rows=2666667 loops=3)</span><br><span class="line">                                                         -&gt;  Parallel Hash  (cost=1582415.26..1582415.26 rows=1262171 width=45) (actual time=5735.438..5735.438 rows=1087902 loops=3)</span><br><span class="line">                                                               -&gt;  Parallel Hash Join  (cost=51923.86..1582415.26 rows=1262171 width=45) (actual time=87.559..5486.450 rows=1087902 loops=3)</span><br><span class="line">                                                                     -&gt;  Parallel Seq Scan on public.lineitem  (cost=0.00..1464889.92 rows=24990992 width=41) (actual time=0.019..3087.888 rows=19995351 loops=3)</span><br><span class="line">                                                                     -&gt;  Parallel Hash  (cost=51397.76..51397.76 rows=42088 width=4) (actual time=87.245..87.246 rows=36285 loops=3)</span><br><span class="line">                                                                           -&gt;  Parallel Seq Scan on public.part  (cost=0.00..51397.76 rows=42088 width=4) (actual time=0.016..243.671 rows=108855 loops=1)</span><br><span class="line">                                                   -&gt;  Parallel Hash  (cost=2886.24..2886.24 rows=58824 width=12) (actual time=6.928..6.928 rows=33333 loops=3)</span><br><span class="line">                                                         -&gt;  Parallel Seq Scan on public.supplier  (cost=0.00..2886.24 rows=58824 width=12) (actual time=0.012..8.941 rows=100000 loops=1)</span><br><span class="line">                                 -&gt;  Hash  (cost=1.25..1.25 rows=25 width=30) (actual time=363.979..363.979 rows=25 loops=3)</span><br><span class="line">                                       -&gt;  Seq Scan on public.nation  (cost=0.00..1.25 rows=25 width=30) (actual time=363.964..363.967 rows=25 loops=3)</span><br><span class="line"> Planning Time: 2.046 ms</span><br><span class="line"> JIT:</span><br><span class="line">   Functions: 218</span><br><span class="line">   Options: Inlining true, Optimization true, Expressions true, Deforming true</span><br><span class="line">   Timing: Generation 16.778 ms, Inlining 76.056 ms, Optimization 950.728 ms, Emission 602.449 ms, Total 1646.010 ms</span><br><span class="line"> Execution Time: 28669.215 ms</span><br><span class="line">(152 rows)</span><br></pre></td></tr></table></figure></p>
<p>JIT disabled in PG11:<br><figure class="highlight plain hljs"><table><tr><td class="gutter"><pre><span class="line">1</span><br><span class="line">2</span><br><span class="line">3</span><br><span class="line">4</span><br><span class="line">5</span><br><span class="line">6</span><br><span class="line">7</span><br><span class="line">8</span><br><span class="line">9</span><br><span class="line">10</span><br><span class="line">11</span><br><span class="line">12</span><br><span class="line">13</span><br><span class="line">14</span><br><span class="line">15</span><br><span class="line">16</span><br><span class="line">17</span><br><span class="line">18</span><br><span class="line">19</span><br><span class="line">20</span><br><span class="line">21</span><br><span class="line">22</span><br><span class="line">23</span><br><span class="line">24</span><br></pre></td><td class="code"><pre><span class="line"> Limit  (cost=2417565.92..2417566.19 rows=1 width=66) (actual time=10543.751..10785.349 rows=1 loops=1)</span><br><span class="line">   -&gt;  Finalize GroupAggregate  (cost=2417565.92..2433857.53 rows=60150 width=66) (actual time=10543.751..10543.751 rows=1 loops=1)</span><br><span class="line">         -&gt;  Gather Merge  (cost=2417565.92..2431601.90 rows=120300 width=66) (actual time=10543.741..10785.333 rows=4 loops=1)</span><br><span class="line">               -&gt;  Sort  (cost=2416565.90..2416716.27 rows=60150 width=66) (actual time=10540.393..10540.396 rows=62 loops=3)</span><br><span class="line">                     -&gt;  Partial HashAggregate  (cost=2410738.48..2411791.11 rows=60150 width=66) (actual time=10539.846..10540.206 rows=175 loops=3)</span><br><span class="line">                           -&gt;  Hash Join  (cost=1936728.06..2388650.49 rows=1262171 width=57) (actual time=8494.973..9919.414 rows=1087902 loops=3)</span><br><span class="line">                                 -&gt;  Parallel Hash Join  (cost=1936726.50..2378463.21 rows=1262171 width=35) (actual time=8494.901..9720.725 rows=1087902 loops=3)</span><br><span class="line">                                       -&gt;  Parallel Seq Scan on public.orders  (cost=0.00..338723.33 rows=6250133 width=8) (actual time=0.021..634.898 rows=5000000 loops=3)</span><br><span class="line">                                       -&gt;  Parallel Hash  (cost=1911088.36..1911088.36 rows=1262171 width=39) (actual time=7348.100..7348.100 rows=1087902 loops=3)</span><br><span class="line">                                             -&gt;  Parallel Hash Join  (cost=1616063.36..1911088.36 rows=1262171 width=39) (actual time=6251.609..7135.988 rows=1087902 loops=3)</span><br><span class="line">                                                   -&gt;  Parallel Hash Join  (cost=1612441.83..1904153.48 rows=1262171 width=47) (actual time=6240.936..6948.291 rows=1087902 loops=3)</span><br><span class="line">                                                         -&gt;  Parallel Seq Scan on public.partsupp  (cost=0.00..216566.52 rows=3332652 width=22) (actual time=0.021..361.590 rows=2666667 loops=3)</span><br><span class="line">                                                         -&gt;  Parallel Hash  (cost=1582415.26..1582415.26 rows=1262171 width=45) (actual time=5524.176..5524.176 rows=1087902 loops=3)</span><br><span class="line">                                                               -&gt;  Parallel Hash Join  (cost=51923.86..1582415.26 rows=1262171 width=45) (actual time=120.604..5269.257 rows=1087902 loops=3)</span><br><span class="line">                                                                     -&gt;  Parallel Seq Scan on public.lineitem  (cost=0.00..1464889.92 rows=24990992 width=41) (actual time=0.023..2755.599 rows=19995351 loops=3)</span><br><span class="line">                                                                     -&gt;  Parallel Hash  (cost=51397.76..51397.76 rows=42088 width=4) (actual time=120.332..120.332 rows=36285 loops=3)</span><br><span class="line">                                                                           -&gt;  Parallel Seq Scan on public.part  (cost=0.00..51397.76 rows=42088 width=4) (actual time=0.013..114.142 rows=36285 loops=3)</span><br><span class="line">                                                   -&gt;  Parallel Hash  (cost=2886.24..2886.24 rows=58824 width=12) (actual time=10.445..10.445 rows=33333 loops=3)</span><br><span class="line">                                                         -&gt;  Parallel Seq Scan on public.supplier  (cost=0.00..2886.24 rows=58824 width=12) (actual time=0.010..5.438 rows=33333 loops=3)</span><br><span class="line">                                 -&gt;  Hash  (cost=1.25..1.25 rows=25 width=30) (actual time=0.026..0.026 rows=25 loops=3)</span><br><span class="line">                                       -&gt;  Seq Scan on public.nation  (cost=0.00..1.25 rows=25 width=30) (actual time=0.017..0.019 rows=25 loops=3)</span><br><span class="line"> Planning Time: 2.665 ms</span><br><span class="line"> Execution Time: 10785.906 ms</span><br><span class="line">(152 rows)</span><br></pre></td></tr></table></figure></p>
<p>If I turned the enable_nestloop off, time would be significantly reduced. But the query optimizer chose nested loop instead of others. I don’t know if this is a problem.</p>
<p>If you want to know more details about explains, please refer to <a href="https://github.com/wangguoke/blog/tree/master/results%20about%20tpch" target="_blank" rel="noopener">https://github.com/wangguoke/blog/tree/master/results%20about%20tpch</a>.</p>
<p>We could get the results like this(unit is second, JIT disabled in PG11 and PG10):<br><img src="/2019/05/26/JIT/1110noJIT.png" title="1110noJIT">  </p>
<p>To be more intuitive, we can look at the histogram:<br><img src="/2019/05/26/JIT/1110noJITh.png" title="1110noJITh"><br>We could get that the performance of the PG11 is 41% higher than the PG10. This shows that PG11 has made a lot of improvements in performance. Please refer to the official documentation for detailed information.</p>
<p>We could get the results like this(unit is second, JIT enabled in PG11 and PG10):<br><img src="/2019/05/26/JIT/pg1110JIT.png" title="pg1110JIT">  </p>
<p>To be more intuitive, we can look at the histogram:<br><img src="/2019/05/26/JIT/pg1110JITh.png" title="pg1110JITh"><br>We could get that the performance of the PG11 is 37.1% higher than the PG10.</p>
<h4 id="overall-summary-of-JIT-performance"><a href="#overall-summary-of-JIT-performance" class="headerlink" title="overall summary of JIT performance:"></a>overall summary of JIT performance:</h4><p>I think it is fair to say that JIT is not for every workload but one can get good perforamnce with JIT for right workload. In the case of this testing effort with OLAP benchmark. we can that JIT is giving good performance in case of 22 queries and in some queries the performance has degraded with JIT.</p>
<p>It is difficult so say whether the performance degradation in case of some queries is due to the query optimizer it would be better if the optimizer could choose a better path. I believe this is compareable with Oracle Adaptive Execution Plans and optimizer Hint feature. Although Oracle seems to be losing in the cloud but its database technology still seems very advanced. </p>
<p>It is worth trying out if query optimizer can convert the nestloop to hash join or others and see if that gives better performance. The underlying optimization technology of llvm is superior to humans. If there is a problem with the query optimizer, We can improve our query optimizer based on the information provided by LLVM .  this is a large project.<br>It is difficult so say whether the performance degradation in case of some queries is due to the query optimizer it would be better if the optimizer could choose a better path. I believe this is compareable with Oracle Adaptive Execution Plans and optimizer Hint feature. Although Oracle seems to be losing in the cloud but its database technology still seems very advanced. Its query optimizer can convert the nestloop to hash join or others if it needs. The underlying optimization technology of llvm is superior to humans. If there is a problem with the query optimizer, We can improve our query optimizer based on the information provided by LLVM but it seems far fetched.</p>
<p>So I have 3 suggestions for Improvement:</p>
<ol>
<li>Add new parameters to find the right case for query optimizer.</li>
<li>We can add some special passes for PostgreSQL.</li>
<li>We can improve our query optimizer based on the information provided by LLVM.</li>
</ol>
<h3 id="Reference"><a href="#Reference" class="headerlink" title="Reference"></a>Reference</h3><ul>
<li><a href="https://www.postgresql.org/docs/11/runtime-config-developer.html" target="_blank" rel="noopener">https://www.postgresql.org/docs/11/runtime-config-developer.html</a></li>
<li><a href="https://www.postgresql.org/docs/9.6/parallel-query.html" target="_blank" rel="noopener">https://www.postgresql.org/docs/9.6/parallel-query.html</a></li>
<li>《JIT-Compiling SQL Queries in PostgreSQL Using LLVM》</li>
<li>《The Architecture of Open Source Applications: LLVM》</li>
</ul>
<hr>
<h3 id="Author"><a href="#Author" class="headerlink" title="Author"></a>Author</h3><img src="/2019/05/26/JIT/shawnWang.png" title="shawnWang">
<p>Shawn Wang is a developer of PostgreSQL Database Core. He has been working in HighGo Software for about eight years.<br>He did some work for Full Database encryption,  Oracle Compatible function, Monitor tool for PostgreSQL, Just in time for PostgreSQL and so on.<br>Now he has joined the HighGo community team and hopes to make more contributions to the community in the future.</p>

        </div>
        
        <div class="level is-size-7 is-uppercase">
            <div class="level-start">
                <div class="level-item">
                    <span class="is-size-6 has-text-grey has-mr-7">#</span>
                    <a class="has-link-grey -link" href="/tags/JIT-Postgresql/">JIT Postgresql</a>
                </div>
            </div>
        </div>
        
        
        
        <!-- AddToAny BEGIN -->
<div class="a2a_kit a2a_kit_size_32 a2a_default_style">
<a class="a2a_dd" href="https://www.addtoany.com/share"></a>
<a class="a2a_button_facebook"></a>
<a class="a2a_button_twitter"></a>
<a class="a2a_button_google_plus"></a>
</div>
<script async src="https://static.addtoany.com/menu/page.js"></script>
<!-- AddToAny END -->
        
    </div>
</div>



<div class="card">
    <div class="card-content">
        <h3 class="menu-label has-text-centered">Like this article? Support the author with</h3>
        <div class="buttons is-centered">
            
        </div>
    </div>
</div>



<div class="card card-transparent">
    <div class="level post-navigation is-flex-wrap is-mobile">
        
        <div class="level-start">
            <a class="level level-item has-link-grey  article-nav-prev" href="/2019/06/04/elephant-shed/">
                <i class="level-item fas fa-chevron-left"></i>
                <span class="level-item">Elephant-Shed</span>
            </a>
        </div>
        
        
        <div class="level-end">
            <a class="level level-item has-link-grey  article-nav-next" href="/2019/05/09/pakistanofficeOpen/">
                <span class="level-item">Pakistan Office Open</span>
                <i class="level-item fas fa-chevron-right"></i>
            </a>
        </div>
        
    </div>
</div>



<div class="card">
    <div class="card-content">
        <h3 class="title is-5 has-text-weight-normal">Comments</h3>
        
<script>
    var disqus_config = function () {
        this.page.url = 'https://highgosoftware.github.io/2019/05/26/JIT/';
        this.page.identifier = '/2019/05/26/JIT/';
    };
    (function() {
        var d = document, s = d.createElement('script');  
        s.src = '//' + 'https-highgosoftware-github-io' + '.disqus.com/embed.js';
        s.setAttribute('data-timestamp', +new Date());
        (d.head || d.body).appendChild(s);
    })();
</script>

<div id="disqus_thread">
    
    <noscript>Please enable JavaScript to view the <a href="//disqus.com/?ref_noscript">comments powered by Disqus.</a></noscript>
</div>
    </div>
</div>
</div>
                




<div class="column is-4-tablet is-4-desktop is-3-widescreen  has-order-1 column-left ">
    
        
<div class="card widget">
    <div class="card-content">
        <nav class="level">
            <div class="level-item has-text-centered">
                <div>
                    
                        <img class="image is-128x128 has-mb-6" src="/images/elephant.png" alt="Highgo">
                    
                    
                    <p class="is-size-4 is-block">
                        Highgo
                    </p>
                    
                    
                    <p class="is-size-6 is-block">
                        Shared knowledge
                    </p>
                    
                    
                    <p class="is-size-6 is-flex is-flex-center has-text-grey">
                        <i class="fas fa-map-marker-alt has-mr-7"></i>
                        <span>Vancouver,BC,Canada</span>
                    </p>
                    
                </div>
            </div>
        </nav>
        <nav class="level is-mobile">
            <div class="level-item has-text-centered is-marginless">
                <div>
                    <p class="heading">
                        Posts
                    </p>
                    <p class="title has-text-weight-normal">
                        3
                    </p>
                </div>
            </div>
            <div class="level-item has-text-centered is-marginless">
                <div>
                    <p class="heading">
                        Categories
                    </p>
                    <p class="title has-text-weight-normal">
                        3
                    </p>
                </div>
            </div>
            <div class="level-item has-text-centered is-marginless">
                <div>
                    <p class="heading">
                        Tags
                    </p>
                    <p class="title has-text-weight-normal">
                        4
                    </p>
                </div>
            </div>
        </nav>
        <div class="level">
            <a class="level-item button is-link is-rounded" href="https://github.com/HighgoSoftware/HighgoSoftware.github.io" target="_blank">
                Follow</a>
        </div>
        
        
        <div class="level is-mobile">
            
            <a class="level-item button is-white is-marginless" target="_blank" title="Github" href="https://github.com/HighgoSoftware/HighgoSoftware.github.io">
                
                <i class="fab fa-github"></i>
                
            </a>
            
            <a class="level-item button is-white is-marginless" target="_blank" title="Twitter" href="https://twitter.com/HighgoSoftware">
                
                <i class="fab fa-twitter"></i>
                
            </a>
            
            <a class="level-item button is-white is-marginless" target="_blank" title="RSS" href="/feed.xml">
                
                <i class="fas fa-rss"></i>
                
            </a>
            
        </div>
        
    </div>
</div>
    
        
    
        

<div class="card widget">
    <div class="card-content">
        <div class="menu">
        <h3 class="menu-label">
            Links
        </h3>
        <ul class="menu-list">
        
            <li>
                <a class="level is-mobile" href="https://hexo.io" target="_blank">
                    <span class="level-left">
                        <span class="level-item">Hexo</span>
                    </span>
                    <span class="level-right">
                        <span class="level-item tag">hexo.io</span>
                    </span>
                </a>
            </li>
        
            <li>
                <a class="level is-mobile" href="https://github.com/HighgoSoftware/HighgoSoftware.github.io" target="_blank">
                    <span class="level-left">
                        <span class="level-item">HighGo</span>
                    </span>
                    <span class="level-right">
                        <span class="level-item tag">github.com</span>
                    </span>
                </a>
            </li>
        
        </ul>
        </div>
    </div>
</div>


    
        
<div class="card widget">
    <div class="card-content">
        <div class="menu">
            <h3 class="menu-label">
                Categories
            </h3>
            <ul class="menu-list">
            <li>
        <a class="level is-marginless" href="/categories/JIT/">
            <span class="level-start">
                <span class="level-item">JIT</span>
            </span>
            <span class="level-end">
                <span class="level-item tag">1</span>
            </span>
        </a></li><li>
        <a class="level is-marginless" href="/categories/news/">
            <span class="level-start">
                <span class="level-item">news</span>
            </span>
            <span class="level-end">
                <span class="level-item tag">1</span>
            </span>
        </a></li><li>
        <a class="level is-marginless" href="/categories/postgresql/">
            <span class="level-start">
                <span class="level-item">postgresql</span>
            </span>
            <span class="level-end">
                <span class="level-item tag">1</span>
            </span>
        </a></li>
            </ul>
        </div>
    </div>
</div>
    
        
<div class="card widget">
    <div class="card-content">
        <h3 class="menu-label">
            Tag Cloud
        </h3>
        <a href="/tags/JIT-Postgresql/" style="font-size: 10px;">JIT Postgresql</a> <a href="/tags/Pakistan-highgo/" style="font-size: 10px;">Pakistan highgo</a> <a href="/tags/elephant-shed/" style="font-size: 10px;">elephant-shed</a> <a href="/tags/postgresql/" style="font-size: 10px;">postgresql</a>
    </div>
</div>

    
    
        <div class="column-right-shadow is-hidden-widescreen ">
        
            
<div class="card widget">
    <div class="card-content">
        <h3 class="menu-label">
            Recent
        </h3>
        
        <article class="media">
            
            <a href="/2019/06/04/elephant-shed/" class="media-left">
                <p class="image is-64x64">
                    <img class="thumbnail" src="/gallery/Elephant_Shed.png" alt="Elephant-Shed">
                </p>
            </a>
            
            <div class="media-content">
                <div class="content">
                    <div><time class="has-text-grey is-size-7 is-uppercase" datetime="2019-06-04T20:52:47.000Z">2019-06-04</time></div>
                    <a href="/2019/06/04/elephant-shed/" class="has-link-black-ter is-size-6">Elephant-Shed</a>
                    <p class="is-size-7 is-uppercase">
                        <a class="has-link-grey -link" href="/categories/postgresql/">postgresql</a>
                    </p>
                </div>
            </div>
        </article>
        
        <article class="media">
            
            <a href="/2019/05/26/JIT/" class="media-left">
                <p class="image is-64x64">
                    <img class="thumbnail" src="/gallery/jit.png" alt="The JIT benchmarking results and findings in PostgreSQL 11">
                </p>
            </a>
            
            <div class="media-content">
                <div class="content">
                    <div><time class="has-text-grey is-size-7 is-uppercase" datetime="2019-05-26T17:01:44.000Z">2019-05-26</time></div>
                    <a href="/2019/05/26/JIT/" class="has-link-black-ter is-size-6">The JIT benchmarking results and findings in PostgreSQL 11</a>
                    <p class="is-size-7 is-uppercase">
                        <a class="has-link-grey -link" href="/categories/JIT/">JIT</a>
                    </p>
                </div>
            </div>
        </article>
        
        <article class="media">
            
            <a href="/2019/05/09/pakistanofficeOpen/" class="media-left">
                <p class="image is-64x64">
                    <img class="thumbnail" src="/gallery/HighGoRegusOffice.jpeg" alt="Pakistan Office Open">
                </p>
            </a>
            
            <div class="media-content">
                <div class="content">
                    <div><time class="has-text-grey is-size-7 is-uppercase" datetime="2019-05-09T17:07:35.000Z">2019-05-09</time></div>
                    <a href="/2019/05/09/pakistanofficeOpen/" class="has-link-black-ter is-size-6">Pakistan Office Open</a>
                    <p class="is-size-7 is-uppercase">
                        <a class="has-link-grey -link" href="/categories/news/">news</a>
                    </p>
                </div>
            </div>
        </article>
        
    </div>
</div>

        
            <div class="card widget">
    <div class="card-content">
        <div class="menu">
        <h3 class="menu-label">
            Archives
        </h3>
        <ul class="menu-list">
        
        <li>
            <a class="level is-marginless" href="/archives/2019/06/">
                <span class="level-start">
                    <span class="level-item">June 2019</span>
                </span>
                <span class="level-end">
                    <span class="level-item tag">1</span>
                </span>
            </a>
        </li>
        
        <li>
            <a class="level is-marginless" href="/archives/2019/05/">
                <span class="level-start">
                    <span class="level-item">May 2019</span>
                </span>
                <span class="level-end">
                    <span class="level-item tag">2</span>
                </span>
            </a>
        </li>
        
        </ul>
        </div>
    </div>
</div>
        
            <div class="card widget">
    <div class="card-content">
        <div class="menu">
            <h3 class="menu-label">
                Tags
            </h3>
            <div class="field is-grouped is-grouped-multiline">
                
                <div class="control">
                    <a class="tags has-addons" href="/tags/JIT-Postgresql/">
                        <span class="tag">JIT Postgresql</span>
                        <span class="tag is-grey">1</span>
                    </a>
                </div>
                
                <div class="control">
                    <a class="tags has-addons" href="/tags/Pakistan-highgo/">
                        <span class="tag">Pakistan highgo</span>
                        <span class="tag is-grey">1</span>
                    </a>
                </div>
                
                <div class="control">
                    <a class="tags has-addons" href="/tags/elephant-shed/">
                        <span class="tag">elephant-shed</span>
                        <span class="tag is-grey">1</span>
                    </a>
                </div>
                
                <div class="control">
                    <a class="tags has-addons" href="/tags/postgresql/">
                        <span class="tag">postgresql</span>
                        <span class="tag is-grey">1</span>
                    </a>
                </div>
                
            </div>
        </div>
    </div>
</div>
        
        </div>
    
</div>

                




<div class="column is-4-tablet is-4-desktop is-3-widescreen is-hidden-touch is-hidden-desktop-only has-order-3 column-right ">
    
        
<div class="card widget">
    <div class="card-content">
        <h3 class="menu-label">
            Recent
        </h3>
        
        <article class="media">
            
            <a href="/2019/06/04/elephant-shed/" class="media-left">
                <p class="image is-64x64">
                    <img class="thumbnail" src="/gallery/Elephant_Shed.png" alt="Elephant-Shed">
                </p>
            </a>
            
            <div class="media-content">
                <div class="content">
                    <div><time class="has-text-grey is-size-7 is-uppercase" datetime="2019-06-04T20:52:47.000Z">2019-06-04</time></div>
                    <a href="/2019/06/04/elephant-shed/" class="has-link-black-ter is-size-6">Elephant-Shed</a>
                    <p class="is-size-7 is-uppercase">
                        <a class="has-link-grey -link" href="/categories/postgresql/">postgresql</a>
                    </p>
                </div>
            </div>
        </article>
        
        <article class="media">
            
            <a href="/2019/05/26/JIT/" class="media-left">
                <p class="image is-64x64">
                    <img class="thumbnail" src="/gallery/jit.png" alt="The JIT benchmarking results and findings in PostgreSQL 11">
                </p>
            </a>
            
            <div class="media-content">
                <div class="content">
                    <div><time class="has-text-grey is-size-7 is-uppercase" datetime="2019-05-26T17:01:44.000Z">2019-05-26</time></div>
                    <a href="/2019/05/26/JIT/" class="has-link-black-ter is-size-6">The JIT benchmarking results and findings in PostgreSQL 11</a>
                    <p class="is-size-7 is-uppercase">
                        <a class="has-link-grey -link" href="/categories/JIT/">JIT</a>
                    </p>
                </div>
            </div>
        </article>
        
        <article class="media">
            
            <a href="/2019/05/09/pakistanofficeOpen/" class="media-left">
                <p class="image is-64x64">
                    <img class="thumbnail" src="/gallery/HighGoRegusOffice.jpeg" alt="Pakistan Office Open">
                </p>
            </a>
            
            <div class="media-content">
                <div class="content">
                    <div><time class="has-text-grey is-size-7 is-uppercase" datetime="2019-05-09T17:07:35.000Z">2019-05-09</time></div>
                    <a href="/2019/05/09/pakistanofficeOpen/" class="has-link-black-ter is-size-6">Pakistan Office Open</a>
                    <p class="is-size-7 is-uppercase">
                        <a class="has-link-grey -link" href="/categories/news/">news</a>
                    </p>
                </div>
            </div>
        </article>
        
    </div>
</div>

    
        <div class="card widget">
    <div class="card-content">
        <div class="menu">
        <h3 class="menu-label">
            Archives
        </h3>
        <ul class="menu-list">
        
        <li>
            <a class="level is-marginless" href="/archives/2019/06/">
                <span class="level-start">
                    <span class="level-item">June 2019</span>
                </span>
                <span class="level-end">
                    <span class="level-item tag">1</span>
                </span>
            </a>
        </li>
        
        <li>
            <a class="level is-marginless" href="/archives/2019/05/">
                <span class="level-start">
                    <span class="level-item">May 2019</span>
                </span>
                <span class="level-end">
                    <span class="level-item tag">2</span>
                </span>
            </a>
        </li>
        
        </ul>
        </div>
    </div>
</div>
    
        <div class="card widget">
    <div class="card-content">
        <div class="menu">
            <h3 class="menu-label">
                Tags
            </h3>
            <div class="field is-grouped is-grouped-multiline">
                
                <div class="control">
                    <a class="tags has-addons" href="/tags/JIT-Postgresql/">
                        <span class="tag">JIT Postgresql</span>
                        <span class="tag is-grey">1</span>
                    </a>
                </div>
                
                <div class="control">
                    <a class="tags has-addons" href="/tags/Pakistan-highgo/">
                        <span class="tag">Pakistan highgo</span>
                        <span class="tag is-grey">1</span>
                    </a>
                </div>
                
                <div class="control">
                    <a class="tags has-addons" href="/tags/elephant-shed/">
                        <span class="tag">elephant-shed</span>
                        <span class="tag is-grey">1</span>
                    </a>
                </div>
                
                <div class="control">
                    <a class="tags has-addons" href="/tags/postgresql/">
                        <span class="tag">postgresql</span>
                        <span class="tag is-grey">1</span>
                    </a>
                </div>
                
            </div>
        </div>
    </div>
</div>
    
    
</div>

            </div>
        </div>
    </section>
    <footer class="footer">
    <div class="container">
        <div class="level">
            <div class="level-start has-text-centered-mobile">
                <a class="footer-logo is-block has-mb-6" href="/">
                
                    <img src="/images/highgo.png" alt="The JIT benchmarking results and findings in PostgreSQL 11" height="28">
                
                </a>
                <!--remove 
                <p class="is-size-7">
                &copy; 2019 Shawn Wang&nbsp;
                Powered by <a href="https://hexo.io/" target="_blank">Hexo</a> & <a
                        href="https://github.com/ppoffice/hexo-theme-icarus" target="_blank">Icarus</a>
                
                </p>
                -->
                <p class="is-size-7">
                    &copy; 2019 HighGo&nbsp;
                    ALL RIGHTS RESERVED
                    </p>
            </div>
            <div class="level-end">
            
                <div class="field has-addons is-flex-center-mobile has-mt-5-mobile is-flex-wrap is-flex-middle">
                
                
                <p class="control">
                    <a class="button is-white is-large" target="_blank" title="Download on GitHub" href="https://github.com/HighgoSoftware/HighgoSoftware.github.io">
                        
                        <i class="fab fa-github"></i>
                        
                    </a>
                </p>
                
                </div>
            
            </div>
        </div>
    </div>
</footer>
    <script src="https://cdn.jsdelivr.net/npm/jquery@3.3.1/dist/jquery.min.js"></script>
<script src="https://cdn.jsdelivr.net/npm/moment@2.22.2/min/moment-with-locales.min.js"></script>
<script>moment.locale("en");</script>


    
    
    
    <script src="/js/animation.js"></script>
    

    
    
    
    <script src="https://cdn.jsdelivr.net/npm/lightgallery@1.6.8/dist/js/lightgallery.min.js" defer></script>
    <script src="https://cdn.jsdelivr.net/npm/justifiedGallery@3.7.0/dist/js/jquery.justifiedGallery.min.js" defer></script>
    <script src="/js/gallery.js" defer></script>
    

    
    

<div id="outdated">
    <h6>Your browser is out-of-date!</h6>
    <p>Update your browser to view this website correctly. <a id="btnUpdateBrowser" href="http://outdatedbrowser.com/">Update
            my browser now </a></p>
    <p class="last"><a href="#" id="btnCloseUpdateBrowser" title="Close">&times;</a></p>
</div>
<script src="https://cdn.jsdelivr.net/npm/outdatedbrowser@1.1.5/outdatedbrowser/outdatedbrowser.min.js" defer></script>
<script>
    document.addEventListener("DOMContentLoaded", function () {
        outdatedBrowser({
            bgColor: '#f25648',
            color: '#ffffff',
            lowerThan: 'flex'
        });
    });
</script>


    
    
<script src="https://cdn.jsdelivr.net/npm/mathjax@2.7.5/unpacked/MathJax.js?config=TeX-MML-AM_CHTML" defer></script>
<script>
document.addEventListener('DOMContentLoaded', function () {
    MathJax.Hub.Config({
        'HTML-CSS': {
            matchFontHeight: false
        },
        SVG: {
            matchFontHeight: false
        },
        CommonHTML: {
            matchFontHeight: false
        },
        tex2jax: {
            inlineMath: [
                ['$','$'],
                ['\\(','\\)']
            ]
        }
    });
});
</script>

    
    

<a id="back-to-top" title="Back to Top" href="javascript:;">
    <i class="fas fa-chevron-up"></i>
</a>
<script src="/js/back-to-top.js" defer></script>


    
    

    
    
    
    

    
    
    
    
    
    <script src="https://cdn.jsdelivr.net/npm/clipboard@2.0.4/dist/clipboard.min.js" defer></script>
    <script src="/js/clipboard.js" defer></script>
    

    
    
    


<script src="/js/main.js" defer></script>

    
    <div class="searchbox ins-search">
    <div class="searchbox-container ins-search-container">
        <div class="searchbox-input-wrapper">
            <input type="text" class="searchbox-input ins-search-input" placeholder="Type something...">
            <span class="searchbox-close ins-close ins-selectable"><i class="fa fa-times-circle"></i></span>
        </div>
        <div class="searchbox-result-wrapper ins-section-wrapper">
            <div class="ins-section-container"></div>
        </div>
    </div>
</div>
<script>
    (function (window) {
        var INSIGHT_CONFIG = {
            TRANSLATION: {
                POSTS: 'Posts',
                PAGES: 'Pages',
                CATEGORIES: 'Categories',
                TAGS: 'Tags',
                UNTITLED: '(Untitled)',
            },
            CONTENT_URL: '/content.json',
        };
        window.INSIGHT_CONFIG = INSIGHT_CONFIG;
    })(window);
</script>
<script src="/js/insight.js" defer></script>
<link rel="stylesheet" href="/css/search.css">
<link rel="stylesheet" href="/css/insight.css">
    
</body>
</html>